<?xml version="1.0" encoding="UTF-8"?>
<testng-results ignored="0" total="1" passed="1" failed="0" skipped="0">
  <reporter-output>
  </reporter-output>
  <suite started-at="2023-03-08T21:39:38 CST" name="Default suite" finished-at="2023-03-08T21:39:51 CST" duration-ms="12806">
    <groups>
      <group name="cucumber">
        <method signature="AbstractTestNGCucumberTests.runScenario(io.cucumber.testng.PickleWrapper, io.cucumber.testng.FeatureWrapper)[pri:0, instance:com.torc.ui.demo.runner.TestRunner@3a44431a]" name="runScenario" class="io.cucumber.testng.AbstractTestNGCucumberTests"/>
      </group> <!-- cucumber -->
    </groups>
    <test started-at="2023-03-08T21:39:38 CST" name="Default test" finished-at="2023-03-08T21:39:51 CST" duration-ms="12806">
      <class name="com.torc.ui.demo.runner.TestRunner">
        <test-method is-config="true" signature="setUpClass()[pri:0, instance:com.torc.ui.demo.runner.TestRunner@3a44431a]" started-at="2023-03-08T21:39:38 CST" name="setUpClass" finished-at="2023-03-08T21:39:38 CST" duration-ms="249" status="PASS">
          <reporter-output>
          </reporter-output>
        </test-method> <!-- setUpClass -->
        <test-method signature="runScenario(io.cucumber.testng.PickleWrapper, io.cucumber.testng.FeatureWrapper)[pri:0, instance:com.torc.ui.demo.runner.TestRunner@3a44431a]" started-at="2023-03-08T21:39:38 CST" name="runScenario" description="Runs Cucumber Scenarios" data-provider="scenarios" finished-at="2023-03-08T21:39:50 CST" duration-ms="12480" status="PASS">
          <params>
            <param index="0">
              <value>
                <![CDATA["Searching an URL"]]>
              </value>
            </param>
            <param index="1">
              <value>
                <![CDATA["Scenarios of searches"]]>
              </value>
            </param>
          </params>
          <reporter-output>
          </reporter-output>
        </test-method> <!-- runScenario -->
        <test-method is-config="true" signature="tearDownClass()[pri:0, instance:com.torc.ui.demo.runner.TestRunner@3a44431a]" started-at="2023-03-08T21:39:50 CST" name="tearDownClass" finished-at="2023-03-08T21:39:51 CST" duration-ms="47" status="PASS">
          <reporter-output>
          </reporter-output>
        </test-method> <!-- tearDownClass -->
      </class> <!-- com.torc.ui.demo.runner.TestRunner -->
    </test> <!-- Default test -->
  </suite> <!-- Default suite -->
</testng-results>
